make all --print-data-base --no-builtin-variables --no-builtin-rules --question
# GNU Make 4.2.1
# Built for x86_64-pc-linux-gnu
# Copyright (C) 1988-2016 Free Software Foundation, Inc.
# License GPLv3+: GNU GPL version 3 or later <http://gnu.org/licenses/gpl.html>
# This is free software: you are free to change and redistribute it.
# There is NO WARRANTY, to the extent permitted by law.

# Make data base, printed on Mon Aug  1 14:17:57 2022

# Variables

# 'override' directive
GNUMAKEFLAGS := 
# automatic
<D = $(patsubst %/,%,$(dir $<))
# automatic
?F = $(notdir $?)
# environment
DESKTOP_SESSION = ubuntu
# makefile (from 'Makefile', line 3)
GIT_URL := ssh://git@git.onedata.org:7999/vfs
# default
.SHELLFLAGS := -c
# environment
XDG_SESSION_CLASS = user
# environment
SNAP_COMMON = /var/snap/code/common
# environment
XDG_SESSION_TYPE = x11
# automatic
?D = $(patsubst %/,%,$(dir $?))
# environment
IM_CONFIG_PHASE = 1
# automatic
@D = $(patsubst %/,%,$(dir $@))
# environment
XAUTHORITY = /run/user/1000/gdm/Xauthority
# environment
GDMSESSION = ubuntu
# environment
XMODIFIERS = @im=ibus
# makefile
CURDIR := /home/rwidzisz/ctool
# makefile
SHELL = /bin/sh
# environment
SNAP_DATA = /var/snap/code/102
# environment
VSCODE_NLS_CONFIG = {"locale":"en-us","availableLanguages":{},"_languagePackSupport":true}
# environment
JOURNAL_STREAM = 8:42442
# environment
XDG_CONFIG_DIRS = /etc/xdg/xdg-ubuntu:/etc/xdg
# environment
SNAP_INSTANCE_NAME = code
# environment
SNAP_ARCH = amd64
# makefile (from 'Makefile', line 1)
MAKEFILE_LIST :=  Makefile
# makefile (from 'Makefile', line 1)
LIB_DIR = _build/default/lib
# automatic
@F = $(notdir $@)
# environment
GIO_LAUNCHED_DESKTOP_FILE = /var/lib/snapd/desktop/applications/code_code.desktop
# environment
USERNAME = rwidzisz
# environment
MAKELEVEL := 0
# environment
XDG_DATA_DIRS = /usr/share/ubuntu:/usr/local/share/:/usr/share/:/var/lib/snapd/desktop
# environment
DBUS_SESSION_BUS_ADDRESS = unix:path=/run/user/1000/bus,guid=a1102ced1b8ae285f847d33862e79452
# environment
_ = /snap/code/102/usr/share/code/code
# environment
MANAGERPID = 1112
# environment
LESSOPEN = | /usr/bin/lesspipe %s
# environment
LC_NAME = pl_PL.UTF-8
# environment
VSCODE_CWD = /home/rwidzisz
# environment
GSETTINGS_SCHEMA_DIR = /snap/code/102/usr/share/glib-2.0/schemas
# default
MAKE_HOST := x86_64-pc-linux-gnu
# environment
PATH = /home/rwidzisz/.local/bin:/usr/local/sbin:/usr/local/bin:/usr/sbin:/usr/bin:/sbin:/bin:/usr/games:/usr/local/games:/snap/bin:/usr/local/go/bin
# environment
GPG_AGENT_INFO = /run/user/1000/gnupg/S.gpg-agent:0:1
# environment
SESSION_MANAGER = local/rwidzisz-ThinkPad-T480s:@/tmp/.ICE-unix/1342,unix/rwidzisz-ThinkPad-T480s:/tmp/.ICE-unix/1342
# environment
XDG_RUNTIME_DIR = /run/user/1000
# environment
GDK_PIXBUF_MODULE_FILE = /home/rwidzisz/snap/code/common/.cache/gdk-pixbuf-loaders.cache
# environment
SNAP = /snap/code/102
# environment
SNAP_VERSION = 3b889b09
# environment
XDG_MENU_PREFIX = gnome-
# environment
DISABLE_WAYLAND = 1
# environment
ELECTRON_RUN_AS_NODE = 1
# environment
INVOCATION_ID = 265d4912fcdb419b9bc0e5145b902a81
# environment
KUBECONFIG = /home/rwidzisz/.kube/minikube.yaml:/home/rwidzisz/.kube/k8s_cyfronet1.yaml
# environment
GDK_PIXBUF_MODULEDIR = /snap/code/102/usr/lib/x86_64-linux-gnu/gdk-pixbuf-2.0/2.10.0/loaders
# default
.FEATURES := target-specific order-only second-expansion else-if shortest-stem undefine oneshell archives jobserver output-sync check-symlink load
# environment
LS_COLORS = 
# environment
XDG_SESSION_DESKTOP = ubuntu
# environment
SSH_AUTH_SOCK = /run/user/1000/keyring/ssh
# environment
GIO_LAUNCHED_DESKTOP_FILE_PID = 573626
# automatic
%F = $(notdir $%)
# environment
DISPLAY = :0
# environment
SNAP_INSTANCE_KEY = 
# environment
PWD = /home/rwidzisz/ctool
# default
.LOADED := 
# environment
SSH_AGENT_PID = 1291
# environment
ORIGINAL_XDG_CURRENT_DESKTOP = ubuntu:GNOME
# environment
GTK_MODULES = gail:atk-bridge
# environment
VSCODE_AMD_ENTRYPOINT = vs/workbench/api/node/extensionHostProcess
# environment
HOME = /home/rwidzisz
# environment
LESSCLOSE = /usr/bin/lesspipe %s %s
# environment
VSCODE_CLI = 1
# environment
VSCODE_CODE_CACHE_PATH = /home/rwidzisz/.config/Code/CachedData/3b889b090b5ad5793f524b5d1d39fda662b96a2a
# environment
LOGNAME = rwidzisz
# environment
APPLICATION_INSIGHTS_NO_DIAGNOSTIC_CHANNEL = 1
# environment
SNAP_LIBRARY_PATH = /var/lib/snapd/lib/gl:/var/lib/snapd/lib/gl32:/var/lib/snapd/void
# environment
SNAP_CONTEXT = FysJ8oNz_g4O6MkqT0S0eG2O0-Zt_aEpOpKgg64oUeWyRwuT4nAA
# automatic
+F = $(notdir $+)
# environment
ELECTRON_NO_ATTACH_CONSOLE = 1
# environment
SNAP_USER_COMMON = /home/rwidzisz/snap/code/common
# environment
VSCODE_HANDLES_UNCAUGHT_ERRORS = true
# environment
GNOME_DESKTOP_SESSION_ID = this-is-deprecated
# automatic
^D = $(patsubst %/,%,$(dir $^))
# environment
LC_TIME = pl_PL.UTF-8
# environment
SNAP_REAL_HOME = /home/rwidzisz
# default
MAKE = $(MAKE_COMMAND)
# default
MAKECMDGOALS := all
# environment
QT_IM_MODULE = ibus
# environment
SNAP_USER_DATA = /home/rwidzisz/snap/code/102
# environment
SHLVL = 0
# environment
GNOME_SHELL_SESSION_MODE = ubuntu
# default
MAKE_VERSION := 4.2.1
# environment
USER = rwidzisz
# environment
SNAP_REVISION = 102
# environment
LC_MONETARY = pl_PL.UTF-8
# makefile
.DEFAULT_GOAL := all
# environment
XDG_CURRENT_DESKTOP = Unity
# automatic
%D = $(patsubst %/,%,$(dir $%))
# environment
LC_TELEPHONE = pl_PL.UTF-8
# default
MAKE_COMMAND := make
# default
.VARIABLES := 
# automatic
*F = $(notdir $*)
# environment
VSCODE_IPC_HOOK = /run/user/1000/vscode-8fdeb4d2-1.69.2-main.sock
# environment
BAMF_DESKTOP_FILE_HINT = /var/lib/snapd/desktop/applications/code_code.desktop
# makefile
MAKEFLAGS = pqrR
# makefile (from 'Makefile', line 4)
ONEDATA_GIT_URL := ssh://git@git.onedata.org:7999/vfs
# environment
MFLAGS = -pqrR
# automatic
*D = $(patsubst %/,%,$(dir $*))
# automatic
+D = $(patsubst %/,%,$(dir $+))
# environment
GDK_BACKEND = x11
# environment
LC_PAPER = pl_PL.UTF-8
# environment
NO_AT_BRIDGE = 1
# environment
QT_ACCESSIBILITY = 1
# 'override' directive
.SHELLSTATUS := 0
# default
MAKEFILES := 
# environment
SNAP_COOKIE = FysJ8oNz_g4O6MkqT0S0eG2O0-Zt_aEpOpKgg64oUeWyRwuT4nAA
# environment
LC_NUMERIC = pl_PL.UTF-8
# automatic
<F = $(notdir $<)
# environment
LC_MEASUREMENT = pl_PL.UTF-8
# environment
SNAP_NAME = code
# environment
LC_ALL = C
# environment
DBUS_STARTER_BUS_TYPE = session
# automatic
^F = $(notdir $^)
# default
SUFFIXES := 
# environment
SNAP_REEXEC = 
# environment
CHROME_DESKTOP = code-url-handler.desktop
# environment
WINDOWPATH = 2
# default
.INCLUDE_DIRS = /usr/include /usr/local/include /usr/include
# environment
LC_IDENTIFICATION = pl_PL.UTF-8
# default
.RECIPEPREFIX := 
# environment
LC_ADDRESS = pl_PL.UTF-8
# environment
LANG = C
# environment
VSCODE_PID = 150371
# environment
DBUS_STARTER_ADDRESS = unix:path=/run/user/1000/bus,guid=a1102ced1b8ae285f847d33862e79452
# variable set hash-table stats:
# Load=130/1024=13%, Rehash=0, Collisions=21/176=12%

# Pattern-specific Variable Values

# No pattern-specific variable values.

# Directories

# . (device 66307, inode 59641954): 28 files, no impossibilities.

# 28 files, no impossibilities in 1 directories.

# Implicit Rules

# No implicit rules.

# Files

all: compile
#  Command line target.
#  Implicit rule search has been done.
#  File does not exist.
#  File has been updated.
#  Needs to be updated (-q is set).
 
# variable set hash-table stats:
# Load=0/32=0%, Rehash=0, Collisions=0/3=0%

.PHONY: upgrade
#  Implicit rule search has not been done.
#  Modification time never checked.
#  File has not been updated.

submodules:
#  Implicit rule search has not been done.
#  Modification time never checked.
#  File has not been updated.
#  recipe to execute (from 'Makefile', line 28):
	git submodule sync --recursive ${submodule}
	git submodule update --init --recursive ${submodule}

distclean:
#  Implicit rule search has not been done.
#  Modification time never checked.
#  File has not been updated.
#  recipe to execute (from 'Makefile', line 21):
	@./rebar3 clean --all

# Not a target:
.SUFFIXES:
#  Implicit rule search has not been done.
#  Modification time never checked.
#  File has not been updated.

# Not a target:
Makefile:
#  Implicit rule search has been done.
#  Last modified 2022-08-01 14:17:46.107611749
#  File has been updated.
#  Successfully updated.

upgrade:
#  Phony target (prerequisite of .PHONY).
#  Implicit rule search has not been done.
#  File does not exist.
#  File has not been updated.
#  recipe to execute (from 'Makefile', line 12):
	@./rebar3 upgrade

dialyzer:
#  Implicit rule search has not been done.
#  Modification time never checked.
#  File has not been updated.
#  recipe to execute (from 'Makefile', line 38):
	@./rebar3 dialyzer
	if 
	python return_result_xml.py

compile:
#  Implicit rule search has not been done.
#  Implicit/static pattern stem: ''
#  File does not exist.
#  File has been updated.
#  Needs to be updated (-q is set).
# automatic
# @ := compile
# automatic
# % := 
# automatic
# * := 
# automatic
# + := 
# automatic
# | := 
# automatic
# < := 
# automatic
# ^ := 
# automatic
# ? := 
# variable set hash-table stats:
# Load=8/32=25%, Rehash=0, Collisions=1/11=9%
#  recipe to execute (from 'Makefile', line 15):
	@./rebar3 compile

# Not a target:
.DEFAULT:
#  Implicit rule search has not been done.
#  Modification time never checked.
#  File has not been updated.

clean:
#  Implicit rule search has not been done.
#  Modification time never checked.
#  File has not been updated.
#  recipe to execute (from 'Makefile', line 18):
	@./rebar3 clean

codetag-tracker:
#  Implicit rule search has not been done.
#  Modification time never checked.
#  File has not been updated.
#  recipe to execute (from 'Makefile', line 52):
	./bamboos/scripts/codetag-tracker.sh --branch=${BRANCH}

eunit:
#  Implicit rule search has not been done.
#  Modification time never checked.
#  File has not been updated.
#  recipe to execute (from 'Makefile', line 47):
	./rebar3 eunit skip_deps=true --suite=${SUITES}
	@for tout in `find test -name "TEST-*.xml"`; do awk '/testcase/{gsub("_[0-9]+\"", "_" ++i "\"")}1' $$tout > $$tout.tmp; mv $$tout.tmp $$tout; done

# files hash-table stats:
# Load=13/1024=1%, Rehash=0, Collisions=0/29=0%
# VPATH Search Paths

# No 'vpath' search paths.

# No general ('VPATH' variable) search path.

# strcache buffers: 1 (0) / strings = 42 / storage = 412 B / avg = 9 B
# current buf: size = 8162 B / used = 412 B / count = 42 / avg = 9 B

# strcache performance: lookups = 60 / hit rate = 30%
# hash-table stats:
# Load=42/8192=1%, Rehash=0, Collisions=1/60=2%
# Finished Make data base on Mon Aug  1 14:17:57 2022

 
